<?xml version="1.0" encoding="utf-8"?>
<TestRun id="d0657bba-1746-494a-8f6b-aa6177231221" name="Jaques@GAMINGPC 2025-07-24 17:26:41" runUser="GAMINGPC\Jaques" xmlns="http://microsoft.com/schemas/VisualStudio/TeamTest/2010">
  <Times creation="2025-07-24T17:26:41.4368349+02:00" queuing="2025-07-24T17:26:41.4368352+02:00" start="2025-07-24T17:26:40.9359270+02:00" finish="2025-07-24T17:26:41.4413333+02:00" />
  <TestSettings name="default" id="1caf19ba-8611-4ce7-b136-c92d3e11d869">
    <Deployment runDeploymentRoot="Jaques_GAMINGPC_2025-07-24_17_26_41" />
  </TestSettings>
  <Results>
    <UnitTestResult executionId="c066a598-228a-44d4-bc92-1e7d0521df80" testId="0a930279-0ca0-71f7-da5e-9161b220513e" testName="RecipeShare.Tests.UnitTest1.Test1" computerName="GAMINGPC" duration="00:00:00.0011890" startTime="2025-07-24T17:26:41.3448956+02:00" endTime="2025-07-24T17:26:41.3449089+02:00" testType="13cdc9d9-ddb5-4fa4-a97d-d965ccfc6d4b" outcome="Passed" testListId="8c84fa94-04c1-424b-9868-57a2d4851a1d" relativeResultsDirectory="c066a598-228a-44d4-bc92-1e7d0521df80" />
  </Results>
  <TestDefinitions>
    <UnitTest name="RecipeShare.Tests.UnitTest1.Test1" storage="d:\coding\recipe-share\tests\recipeshare.tests\bin\debug\net8.0\recipeshare.tests.dll" id="0a930279-0ca0-71f7-da5e-9161b220513e">
      <Execution id="c066a598-228a-44d4-bc92-1e7d0521df80" />
      <TestMethod codeBase="D:\Coding\Recipe-Share\tests\RecipeShare.Tests\bin\Debug\net8.0\RecipeShare.Tests.dll" adapterTypeName="executor://xunit/VsTestRunner2/netcoreapp" className="RecipeShare.Tests.UnitTest1" name="Test1" />
    </UnitTest>
  </TestDefinitions>
  <TestEntries>
    <TestEntry testId="0a930279-0ca0-71f7-da5e-9161b220513e" executionId="c066a598-228a-44d4-bc92-1e7d0521df80" testListId="8c84fa94-04c1-424b-9868-57a2d4851a1d" />
  </TestEntries>
  <TestLists>
    <TestList name="Results Not in a List" id="8c84fa94-04c1-424b-9868-57a2d4851a1d" />
    <TestList name="All Loaded Results" id="19431567-8539-422a-85d7-44ee4e166bda" />
  </TestLists>
  <ResultSummary outcome="Completed">
    <Counters total="1" executed="1" passed="1" failed="0" error="0" timeout="0" aborted="0" inconclusive="0" passedButRunAborted="0" notRunnable="0" notExecuted="0" disconnected="0" warning="0" completed="0" inProgress="0" pending="0" />
    <Output>
      <StdOut>[xUnit.net 00:00:00.00] xUnit.net VSTest Adapter v2.5.3.1+6b60a9e56a (64-bit .NET 8.0.4)&#xD;
[xUnit.net 00:00:00.05]   Discovering: RecipeShare.Tests&#xD;
[xUnit.net 00:00:00.07]   Discovered:  RecipeShare.Tests&#xD;
[xUnit.net 00:00:00.08]   Starting:    RecipeShare.Tests&#xD;
[xUnit.net 00:00:00.11]   Finished:    RecipeShare.Tests&#xD;
</StdOut>
    </Output>
  </ResultSummary>
</TestRun>